<?xml version="1.0" encoding="UTF-8"?>
<!-- Generated by org.testng.reporters.JUnitXMLReporter -->
<testsuite hostname="DESKTOP-OO2PTSK" ignored="2" name="Test" tests="2" failures="0" timestamp="16 Jul 2022 17:42:34 GMT" time="78.447" errors="0">
  <testcase name="validateLoginFunctinality" time="17.782" classname="com.orangeHRM.testcases.TC01_LoginFunctionality"/>
  <testcase name="addEmployee" time="29.055" classname="com.orangeHRM.testcases.TC02_AddEmployee"/>
  <testcase name="@BeforeSuite beforeSuite" time="0.0" classname="com.orangeHRM.config.BaseClass">
    <ignored/>
  </testcase> <!-- @BeforeSuite beforeSuite -->
  <testcase name="@AfterSuite afterSuite" time="0.0" classname="com.orangeHRM.config.BaseClass">
    <ignored/>
  </testcase> <!-- @AfterSuite afterSuite -->
</testsuite> <!-- Test -->
